Task Name: Mapping2_Mapping2
Agent Group Id: 025000000000002
Agent Group Name: Informatica Cloud Hosted Agent
Agent Id: 00800000000000E
09/29/2021 06:29:11 **** Importing Connection: Conn_01ATTY0B000000000003 ...
09/29/2021 06:29:11 **** Importing Source Definition: Cars ...
09/29/2021 06:29:11 **** Importing Target Definition: Min_Car_Prices ...
09/29/2021 06:29:11 **** Importing Target Definition: Max_Car_Prices ...
09/29/2021 06:29:11 **** Importing SessionConfig: default_session_config ...
    <Warning> :  The Error Log DB Connection value should have Relational: as the prefix.
    <Warning> :  Invalid value  for attribute Error Log DB Connection. Will use the default value 
    Validating Source Definition  Cars...
    Validating Target Definition  Max_Car_Prices...
    Validating Target Definition  Min_Car_Prices...
09/29/2021 06:29:11 **** Importing Mapping: Mapping0 ...
    <Warning> :  transformation: Source - Invalid value  for attribute Output is repeatable. Will use the default value Never    [transformation< Source > ] 
Validating transformations of mapping Mapping0...
Validating mapping variable(s).
09/29/2021 06:29:11 **** Importing Workflow: wf_mtt_01ATTY0Z000000000003 ...
    <Warning> :  The value entered is not a valid integer.
    <Warning> :  Invalid value NO for attribute Fail task after wait time. Will use the default value 
Successfully extracted session instance [s_mtt_01ATTY0Z000000000003].  Starting repository sequence id is [-260487492]
DIRECTOR> VAR_27085 [2021-09-29 06:29:11.701] Parameter file [/data2/home/cldagnt/SystemAgent/apps/Data_Integration_Server/data/01ATTY0E0000000000B5/01ATTY/parameters/s_mtt_01ATTY0Z000000000003.param] is opened for [session [wf_mtt_01ATTY0Z000000000003.s_mtt_01ATTY0Z000000000003]].
DIRECTOR> VAR_27062 [2021-09-29 06:29:11.701] Warning! Cannot find section for worklet [wf_mtt_01ATTY0Z000000000003] and folder [] in parameter file [/data2/home/cldagnt/SystemAgent/apps/Data_Integration_Server/data/01ATTY0E0000000000B5/01ATTY/parameters/s_mtt_01ATTY0Z000000000003.param].
DIRECTOR> VAR_27028 [2021-09-29 06:29:11.701] Use override value [s_mtt_01ATTY0Z000000000003_1_error.csv] for user-defined workflow/worklet variable:[$ErrorFileName].
DIRECTOR> VAR_27028 [2021-09-29 06:29:11.701] Use override value [1970-01-01] for user-defined workflow/worklet variable:[$LastRunDate].
DIRECTOR> VAR_27028 [2021-09-29 06:29:11.702] Use override value [1970-01-01 00:00:00] for user-defined workflow/worklet variable:[$LastRunTime].
DIRECTOR> VAR_27028 [2021-09-29 06:29:11.702] Use override value [s_mtt_01ATTY0Z000000000003_9_29_2021_06_29_success.csv] for user-defined workflow/worklet variable:[$SuccessFileName].
DIRECTOR> TM_6014 [2021-09-29 06:29:11.702] Initializing session [s_mtt_01ATTY0Z000000000003] at [Wed Sep 29 06:29:11 2021].
DIRECTOR> TM_6683 [2021-09-29 06:29:11.702] Repository Name: [XMLRepository]
DIRECTOR> TM_6684 [2021-09-29 06:29:11.702] Server Name: [rDTM]
DIRECTOR> TM_6686 [2021-09-29 06:29:11.702] Folder: []
DIRECTOR> TM_6685 [2021-09-29 06:29:11.702] Workflow: [wf_mtt_01ATTY0Z000000000003] Run Instance Name: [] Run Id: [0]
DIRECTOR> TM_6101 [2021-09-29 06:29:11.702] Mapping name: Mapping0.
DIRECTOR> TM_6964 [2021-09-29 06:29:11.702] Date format for the Session is [MM/DD/YYYY HH24:MI:SS.US]
DIRECTOR> TM_6703 [2021-09-29 06:29:11.723] Session [s_mtt_01ATTY0Z000000000003] is run by 64-bit Integration Service  [], version [9.1.0 HotFix1], build [0627].
MANAGER> PETL_24058 [2021-09-29 06:29:11.998] Running Partition Group [1].
MANAGER> PETL_24000 [2021-09-29 06:29:11.998] Parallel Pipeline Engine initializing.
MANAGER> PETL_24001 [2021-09-29 06:29:12.001] Parallel Pipeline Engine running.
MANAGER> PETL_24003 [2021-09-29 06:29:12.001] Initializing session run.
MAPPING> CMN_1569 [2021-09-29 06:29:12.004] Server Mode: [UNICODE]
MAPPING> CMN_1570 [2021-09-29 06:29:12.004] Server Code page: [ISO 8859-1 Western European]
MAPPING> TM_6151 [2021-09-29 06:29:12.004] The session sort order is [Binary].
MAPPING> TM_6185 [2021-09-29 06:29:12.004] Warning. Code page validation is disabled in this session.
MAPPING> CMN_65083 [2021-09-29 06:29:12.004] Current Timezone:[UTC +0:0]
MAPPING> CMN_65085 [2021-09-29 06:29:12.004] Current Process ID:[14652]
MAPPING> TM_6155 [2021-09-29 06:29:12.004] Using HIGH precision processing.
MAPPING> TM_6180 [2021-09-29 06:29:12.004] Deadlock retry logic will not be implemented.
MAPPING> TM_6187 [2021-09-29 06:29:12.004] Session target-based commit interval is [10000].
MAPPING> TM_6307 [2021-09-29 06:29:12.005] DTM error log disabled. 
MAPPING> TE_7022 [2021-09-29 06:29:12.005] TShmWriter: Initialized
MAPPING> DBG_21694 [2021-09-29 06:29:12.080] Aggregator Partition [0]: Index cache size = [1000000], Data cache size = [2000000]
MAPPING> TE_7212 [2021-09-29 06:29:12.080] Increasing [Index Cache] size for transformation [Aggregator] from [1000000] to [1049760].
MAPPING> TE_7212 [2021-09-29 06:29:12.080] Increasing [Data Cache] size for transformation [Aggregator] from [2000000] to [2098152].
MAPPING> TE_7029 [2021-09-29 06:29:12.080] Aggregate Information: Creating New Index and Data Files
MAPPING> TE_7034 [2021-09-29 06:29:12.081] Aggregate Information: Index file is [/data2/home/cldagnt/SystemAgent/apps/Data_Integration_Server/data/01ATTY0E0000000000B5/01ATTY/cache/PMAGG-260487457_5_0.idx]
MAPPING> TE_7035 [2021-09-29 06:29:12.081] Aggregate Information: Data file is [/data2/home/cldagnt/SystemAgent/apps/Data_Integration_Server/data/01ATTY0E0000000000B5/01ATTY/cache/PMAGG-260487457_5_0.dat]
MAPPING> TM_6007 [2021-09-29 06:29:12.081] DTM initialized successfully for session [s_mtt_01ATTY0Z000000000003]
DIRECTOR> PETL_24033 [2021-09-29 06:29:12.200] All DTM Connection Info: [<NONE>].
MANAGER> PETL_24004 [2021-09-29 06:29:12.200] Starting pre-session tasks. : (Wed Sep 29 06:29:12 2021)
MANAGER> PETL_24027 [2021-09-29 06:29:12.202] Pre-session task completed successfully. : (Wed Sep 29 06:29:12 2021)
DIRECTOR> PETL_24006 [2021-09-29 06:29:12.202] Starting data movement.
MAPPING> TM_6660 [2021-09-29 06:29:12.202] Total Buffer Pool size is 15236160 bytes and Block size is 562080 bytes.
READER_1_1_1> DBG_21438 [2021-09-29 06:29:12.204] Reader: Source is [odbc://dbtype=MySQL;host=sql6.freemysqlhosting.net;port=3306;database=sql6439158], user [sql6439158]
READER_1_1_1> BLKR_16051 [2021-09-29 06:29:12.226] Source database connection [Conn_01ATTY0B000000000003] code page: [UTF-8 encoding of Unicode]
READER_1_1_1> CMN_1021 [2021-09-29 06:29:12.226] Database driver event...
CMN_1021 [Driver Manager used is [UnixODBC 2.3.4].]

READER_1_1_1> CMN_1021 [2021-09-29 06:29:13.862] Database driver event...
CMN_1021 [ODBC Event Using array fetches.
ODBC Event Using Single Row Inserts. connect string = [Driver=MySQL ODBC 8.0 Unicode Driver;Server=sql6.freemysqlhosting.net;Database=sql6439158;Port=3306;USER=sql6439158;NO_SSPS=1;stmt=set time_zone = '+00:00';Charset=UTF8;OPTION=3;SSLMODE=DISABLED]. userid = [sql6439158]
DBMS Name:	MySQL
DBMS Version:	5.5.62-0ubuntu0.14.04.1
Driver Name:	libmyodbc8w.so
Driver Version:	08.00.0012
MySQL rewrite batch optimization is disabled with maximum bind parameter size set to 2500.]

READER_1_1_1> BLKR_16003 [2021-09-29 06:29:13.862] Initialization completed successfully.
WRITER_1_*_1> WRT_8147 [2021-09-29 06:29:13.898] Writer: Target is database [odbc://dbtype=MySQL;host=sql6.freemysqlhosting.net;port=3306;database=sql6439158], user [sql6439158], bulk mode [OFF]
WRITER_1_*_1> CMN_1021 [2021-09-29 06:29:13.918] Database driver event...
CMN_1021 [Driver Manager used is [UnixODBC 2.3.4].]

WRITER_1_*_1> CMN_1021 [2021-09-29 06:29:15.516] Database driver event...
CMN_1021 [ODBC Event Using array fetches.
ODBC Event Using Single Row Inserts. connect string = [Driver=MySQL ODBC 8.0 Unicode Driver;Server=sql6.freemysqlhosting.net;Database=sql6439158;Port=3306;USER=sql6439158;NO_SSPS=1;stmt=set time_zone = '+00:00';Charset=UTF8;OPTION=3;SSLMODE=DISABLED]. userid = [sql6439158]
DBMS Name:	MySQL
DBMS Version:	5.5.62-0ubuntu0.14.04.1
Driver Name:	libmyodbc8w.so
Driver Version:	08.00.0012
MySQL rewrite batch optimization is disabled with maximum bind parameter size set to 2500.]

WRITER_1_*_1> WRT_8221 [2021-09-29 06:29:15.868] Target database connection [Conn_01ATTY0B000000000003] code page: [UTF-8 encoding of Unicode]
WRITER_1_*_1> WRT_8124 [2021-09-29 06:29:15.869] Target Table Min_Car_Prices :SQL INSERT statement:
INSERT INTO sql6439158.Min_Car_Prices(Car_ID,Car_Name,Car_Price)  VALUES ( ?, ?, ?) 
WRITER_1_*_1> WRT_8020 [2021-09-29 06:29:15.869] No column marked as primary key for table [Min_Car_Prices]. UPDATEs Not Supported.
WRITER_1_*_1> WRT_8147 [2021-09-29 06:29:15.870] Writer: Target is database [odbc://dbtype=MySQL;host=sql6.freemysqlhosting.net;port=3306;database=sql6439158], user [sql6439158], bulk mode [OFF]
WRITER_1_*_1> WRT_8124 [2021-09-29 06:29:15.870] Target Table Max_Car_Prices :SQL INSERT statement:
INSERT INTO sql6439158.Max_Car_Prices(Car_ID,Car_Name,Car_Price)  VALUES ( ?, ?, ?) 
WRITER_1_*_1> WRT_8020 [2021-09-29 06:29:15.871] No column marked as primary key for table [Max_Car_Prices]. UPDATEs Not Supported.
WRITER_1_*_1> WRT_8270 [2021-09-29 06:29:15.871] Target connection group #1 consists of target(s) [Min_Car_Prices, Max_Car_Prices]
WRITER_1_*_1> WRT_8003 [2021-09-29 06:29:15.871] Writer initialization complete.
READER_1_1_1> BLKR_16007 [2021-09-29 06:29:15.884] Reader run started.
READER_1_1_1> RR_4010 [2021-09-29 06:29:15.884] SQ instance [Source] SQL Query [SELECT sql6439158.Cars.Car_ID, sql6439158.Cars.Car_Name, sql6439158.Cars.Car_Country, sql6439158.Cars.Car_Price FROM sql6439158.Cars]
READER_1_1_1> RR_4049 [2021-09-29 06:29:15.884] SQL Query issued to database : (Wed Sep 29 06:29:15 2021)
WRITER_1_*_1> WRT_8005 [2021-09-29 06:29:15.885] Writer run started.
WRITER_1_*_1> WRT_8158 [2021-09-29 06:29:15.885] 

*****START LOAD SESSION*****

Load Start Time: Wed Sep 29 06:29:15 2021

Target tables:

     Min_Car_Prices
     Max_Car_Prices


READER_1_1_1> RR_4050 [2021-09-29 06:29:16.060] First row returned from database to reader : (Wed Sep 29 06:29:16 2021)
READER_1_1_1> BLKR_16019 [2021-09-29 06:29:16.060] Read [100] rows, read [0] error rows for source table [Cars] instance name [Cars]
READER_1_1_1> BLKR_16008 [2021-09-29 06:29:16.060] Reader run completed.
TRANSF_1_1_1> TE_7032 [2021-09-29 06:29:16.229] The B-Tree being managed in files
/data2/home/cldagnt/SystemAgent/apps/Data_Integration_Server/data/01ATTY0E0000000000B5/01ATTY/cache/PMAGG-260487457_5_0.dat for Data and

/data2/home/cldagnt/SystemAgent/apps/Data_Integration_Server/data/01ATTY0E0000000000B5/01ATTY/cache/PMAGG-260487457_5_0.idx for Index has:
	Index Size:	1
	Row Size:	2172
	Order:		100
	Minimum Order:	50
	Height:		1
	Entries:	1
	IndexPageSize:	1296
	IndexPages:	810
	DataPageSize:	2172
	DataPages:	966

TRANSF_1_1_1> DBG_21216 [2021-09-29 06:29:16.229] Finished transformations for Source Qualifier [Source]. Total errors [0] 
WRITER_1_*_1> WRT_8167 [2021-09-29 06:29:16.230] Start loading table [Min_Car_Prices] at: Wed Sep 29 06:29:16 2021
WRITER_1_*_1> WRT_8167 [2021-09-29 06:29:16.508] Start loading table [Max_Car_Prices] at: Wed Sep 29 06:29:16 2021
WRITER_1_*_1> WRT_8168 [2021-09-29 06:29:16.814] End loading table [Min_Car_Prices] at: Wed Sep 29 06:29:16 2021
WRITER_1_*_1> WRT_8141 [2021-09-29 06:29:16.986] 
Commit on end-of-data  Wed Sep 29 06:29:16 2021
===================================================

WRT_8036 Target: Min_Car_Prices (Instance Name: [Min_Car_Prices])
WRT_8038 Inserted rows - Requested: 1          Applied: 1          Rejected: 0          Affected: 1         

WRT_8036 Target: Max_Car_Prices (Instance Name: [Max_Car_Prices])
WRT_8038 Inserted rows - Requested: 1          Applied: 1          Rejected: 0          Affected: 1         

WRITER_1_*_1> WRT_8168 [2021-09-29 06:29:16.986] End loading table [Max_Car_Prices] at: Wed Sep 29 06:29:16 2021
WRITER_1_*_1> WRT_8035 [2021-09-29 06:29:16.986] Load complete time: Wed Sep 29 06:29:16 2021

LOAD SUMMARY
============

WRT_8036 Target: Min_Car_Prices (Instance Name: [Min_Car_Prices])
WRT_8038 Inserted rows - Requested: 1          Applied: 1          Rejected: 0          Affected: 1         

WRT_8036 Target: Max_Car_Prices (Instance Name: [Max_Car_Prices])
WRT_8038 Inserted rows - Requested: 1          Applied: 1          Rejected: 0          Affected: 1         


WRITER_1_*_1> WRT_8043 [2021-09-29 06:29:16.986] *****END LOAD SESSION*****
WRITER_1_*_1> WRT_8006 [2021-09-29 06:29:17.162] Writer run completed.
MANAGER> PETL_24031 [2021-09-29 06:29:17.178] 
***** RUN INFO FOR TGT LOAD ORDER GROUP [1], CONCURRENT SET [1] *****
Thread [READER_1_1_1] created for [the read stage] of partition point [Source] has completed. The total run time was insufficient for any meaningful statistics.
Thread [TRANSF_1_1_1] created for [the transformation stage] of partition point [Source] has completed. The total run time was insufficient for any meaningful statistics.
Thread [WRITER_1_*_1] created for [the write stage] of partition point [Min_Car_Prices, Max_Car_Prices] has completed.
	Total Run Time = [0.932570] secs
	Total Idle Time = [0.000000] secs
	Busy Percentage = [100.000000]

MAPPING> CMN_1791 [2021-09-29 06:29:17.178] The index cache size that would hold [1] aggregate groups of input rows for [Aggregator], in memory, is [1296] bytes
MAPPING> CMN_1790 [2021-09-29 06:29:17.178] The data cache size that would hold [1] aggregate groups of input rows for [Aggregator], in memory, is [2172] bytes
MANAGER> PETL_24005 [2021-09-29 06:29:17.178] Starting post-session tasks. : (Wed Sep 29 06:29:17 2021)
MANAGER> PETL_24029 [2021-09-29 06:29:17.246] Post-session task completed successfully. : (Wed Sep 29 06:29:17 2021)
MAPPING> TM_6018 [2021-09-29 06:29:17.246] The session completed with [0] row transformation errors. 
MANAGER> TE_7216 [2021-09-29 06:29:17.247] Deleting cache files [/data2/home/cldagnt/SystemAgent/apps/Data_Integration_Server/data/01ATTY0E0000000000B5/01ATTY/cache/PMAGG-260487457_5_0.idx] for transformation [Aggregator].
MANAGER> TE_7216 [2021-09-29 06:29:17.247] Deleting cache files [/data2/home/cldagnt/SystemAgent/apps/Data_Integration_Server/data/01ATTY0E0000000000B5/01ATTY/cache/PMAGG-260487457_5_0.dat] for transformation [Aggregator].
MANAGER> PETL_24002 [2021-09-29 06:29:18.072] Parallel Pipeline Engine finished.
DIRECTOR> PETL_24012 [2021-09-29 06:29:18.072] Session run completed successfully.
DIRECTOR> TM_6022 [2021-09-29 06:29:18.072] 

SESSION LOAD SUMMARY
================================================

DIRECTOR> TM_6252 [2021-09-29 06:29:18.072] Source Load Summary.
DIRECTOR> CMN_1740 [2021-09-29 06:29:18.072] Table: [Source] (Instance Name: [Source])
	 Output Rows [100], Affected Rows [100], Applied Rows [100], Rejected Rows [0]
DIRECTOR> TM_6253 [2021-09-29 06:29:18.072] Target Load Summary.
DIRECTOR> CMN_1740 [2021-09-29 06:29:18.072] Table: [Min_Car_Prices] (Instance Name: [Min_Car_Prices])
	 Output Rows [1], Affected Rows [1], Applied Rows [1], Rejected Rows [0]
DIRECTOR> CMN_1740 [2021-09-29 06:29:18.072] Table: [Max_Car_Prices] (Instance Name: [Max_Car_Prices])
	 Output Rows [1], Affected Rows [1], Applied Rows [1], Rejected Rows [0]
DIRECTOR> TM_6023 [2021-09-29 06:29:18.072] 
===================================================

DIRECTOR> TM_6020 [2021-09-29 06:29:18.072] Session [s_mtt_01ATTY0Z000000000003] completed at [Wed Sep 29 06:29:18 2021].
